DEB [20181016-17:15:17.654] thr=1   paramiko.transport: starting thread (client mode): 0x2645160L
DEB [20181016-17:15:17.661] thr=1   paramiko.transport: Local version/idstring: SSH-2.0-paramiko_2.4.1
DEB [20181016-17:15:17.687] thr=1   paramiko.transport: Remote version/idstring: SSH-2.0-OpenSSH_7.4
INF [20181016-17:15:17.687] thr=1   paramiko.transport: Connected (version 2.0, client OpenSSH_7.4)
DEB [20181016-17:15:17.688] thr=1   paramiko.transport: kex algos:[u'curve25519-sha256', u'curve25519-sha256@libssh.org', u'ecdh-sha2-nistp256', u'ecdh-sha2-nistp384', u'ecdh-sha2-nistp521', u'diffie-hellman-group-exchange-sha256', u'diffie-hellman-group16-sha512', u'diffie-hellman-group18-sha512', u'diffie-hellman-group-exchange-sha1', u'diffie-hellman-group14-sha256', u'diffie-hellman-group14-sha1', u'diffie-hellman-group1-sha1'] server key:[u'ssh-rsa', u'rsa-sha2-512', u'rsa-sha2-256', u'ecdsa-sha2-nistp256', u'ssh-ed25519'] client encrypt:[u'chacha20-poly1305@openssh.com', u'aes128-ctr', u'aes192-ctr', u'aes256-ctr', u'aes128-gcm@openssh.com', u'aes256-gcm@openssh.com', u'aes128-cbc', u'aes192-cbc', u'aes256-cbc', u'blowfish-cbc', u'cast128-cbc', u'3des-cbc'] server encrypt:[u'chacha20-poly1305@openssh.com', u'aes128-ctr', u'aes192-ctr', u'aes256-ctr', u'aes128-gcm@openssh.com', u'aes256-gcm@openssh.com', u'aes128-cbc', u'aes192-cbc', u'aes256-cbc', u'blowfish-cbc', u'cast128-cbc', u'3des-cbc'] client mac:[u'umac-64-etm@openssh.com', u'umac-128-etm@openssh.com', u'hmac-sha2-256-etm@openssh.com', u'hmac-sha2-512-etm@openssh.com', u'hmac-sha1-etm@openssh.com', u'umac-64@openssh.com', u'umac-128@openssh.com', u'hmac-sha2-256', u'hmac-sha2-512', u'hmac-sha1'] server mac:[u'umac-64-etm@openssh.com', u'umac-128-etm@openssh.com', u'hmac-sha2-256-etm@openssh.com', u'hmac-sha2-512-etm@openssh.com', u'hmac-sha1-etm@openssh.com', u'umac-64@openssh.com', u'umac-128@openssh.com', u'hmac-sha2-256', u'hmac-sha2-512', u'hmac-sha1'] client compress:[u'none', u'zlib@openssh.com'] server compress:[u'none', u'zlib@openssh.com'] client lang:[u''] server lang:[u''] kex follows?False
DEB [20181016-17:15:17.690] thr=1   paramiko.transport: Kex agreed: ecdh-sha2-nistp256
DEB [20181016-17:15:17.690] thr=1   paramiko.transport: HostKey agreed: ssh-ed25519
DEB [20181016-17:15:17.690] thr=1   paramiko.transport: Cipher agreed: aes128-ctr
DEB [20181016-17:15:17.690] thr=1   paramiko.transport: MAC agreed: hmac-sha2-256
DEB [20181016-17:15:17.690] thr=1   paramiko.transport: Compression agreed: none
DEB [20181016-17:15:18.543] thr=1   paramiko.transport: kex engine KexNistp256 specified hash_algo <built-in function openssl_sha256>
DEB [20181016-17:15:18.545] thr=1   paramiko.transport: Switch to new keys ...
DEB [20181016-17:15:18.575] thr=2   paramiko.transport: Adding ssh-ed25519 host key for 192.168.10.100: df15fa90babd5529e5ab117593802501
DEB [20181016-17:15:18.661] thr=2   paramiko.transport: Trying discovered key 0140ff323626b7f02b9dfc560cb15ef4 in C:\Users\Mr.Chen/.ssh/id_rsa
DEB [20181016-17:15:18.664] thr=1   paramiko.transport: userauth is OK
INF [20181016-17:15:18.710] thr=1   paramiko.transport: Authentication (publickey) failed.
DEB [20181016-17:15:18.726] thr=1   paramiko.transport: userauth is OK
INF [20181016-17:15:18.766] thr=1   paramiko.transport: Authentication (password) successful!
DEB [20181016-17:15:18.789] thr=2   paramiko.transport: [chan 0] Max packet in: 32768 bytes
DEB [20181016-17:15:18.789] thr=1   paramiko.transport: Received global request "hostkeys-00@openssh.com"
DEB [20181016-17:15:18.789] thr=1   paramiko.transport: Rejecting "hostkeys-00@openssh.com" global request from server.
DEB [20181016-17:15:18.990] thr=1   paramiko.transport: [chan 0] Max packet out: 32768 bytes
DEB [20181016-17:15:18.990] thr=1   paramiko.transport: Secsh channel 0 opened.
DEB [20181016-17:15:18.994] thr=1   paramiko.transport: [chan 0] Sesch channel 0 request ok
DEB [20181016-17:15:18.996] thr=1   paramiko.transport: [chan 0] Sesch channel 0 request ok
DEB [20181016-17:15:29.757] thr=2   paramiko.transport: [chan 0] EOF sent (0)
DEB [20181016-17:15:29.802] thr=1   paramiko.transport: EOF in transport thread
